Added Component: Designator=*1(ESP32 DEVKIT)
Added Component: Designator=JP1(JP 1x8 DC)
Add component (AddParameter): Name = "Chung_Loai"; Value = "C?m"; VariantName = "[No Variations]"
Add component (AddParameter): Name = "Don_Vi"; Value = "Con"; VariantName = "[No Variations]"
Add component (AddParameter): Name = "Ghi_Chu"; Value = ""; VariantName = "[No Variations]"
Add component (AddParameter): Name = "Kieu_Chan"; Value = ""; VariantName = "[No Variations]"
Add component (AddParameter): Name = "Ma_Hang"; Value = "MH000904"; VariantName = "[No Variations]"
Add component (AddParameter): Name = "Ten_Linh_Kien"; Value = "Jump Ðon Ð?c 2.54MM 1x40P Cong Ð?ng"; VariantName = "[No Variations]"
Added Component: Designator=JP2(JP 1x4 CC)
Add component (AddParameter): Name = "Chung_Loai"; Value = "C?m"; VariantName = "[No Variations]"
Add component (AddParameter): Name = "Don_Vi"; Value = "Con"; VariantName = "[No Variations]"
Add component (AddParameter): Name = "Ghi_Chu"; Value = ""; VariantName = "[No Variations]"
Add component (AddParameter): Name = "Kieu_Chan"; Value = ""; VariantName = "[No Variations]"
Add component (AddParameter): Name = "Ma_Hang"; Value = "MH001265"; VariantName = "[No Variations]"
Add component (AddParameter): Name = "Ten_Linh_Kien"; Value = "Jump Ðon Cái 2.54MM 1x40P Cong"; VariantName = "[No Variations]"
Added Component: Designator=JP3(JP 1x4 CC)
Add component (AddParameter): Name = "Chung_Loai"; Value = "C?m"; VariantName = "[No Variations]"
Add component (AddParameter): Name = "Don_Vi"; Value = "Con"; VariantName = "[No Variations]"
Add component (AddParameter): Name = "Ghi_Chu"; Value = ""; VariantName = "[No Variations]"
Add component (AddParameter): Name = "Kieu_Chan"; Value = ""; VariantName = "[No Variations]"
Add component (AddParameter): Name = "Ma_Hang"; Value = "MH001265"; VariantName = "[No Variations]"
Add component (AddParameter): Name = "Ten_Linh_Kien"; Value = "Jump Ðon Cái 2.54MM 1x40P Cong"; VariantName = "[No Variations]"
Added Pin To Net: NetName=3.3V Pin=*1-1
Added Pin To Net: NetName=3.3V Pin=JP2-4
Added Pin To Net: NetName=3.3V Pin=JP3-4
Added Net: Name=3.3V
Added Pin To Net: NetName=G5 Pin=*1-29
Added Pin To Net: NetName=G5 Pin=JP1-3
Added Net: Name=G5
Added Pin To Net: NetName=G14 Pin=*1-12
Added Pin To Net: NetName=G14 Pin=JP2-3
Added Net: Name=G14
Added Pin To Net: NetName=G15 Pin=*1-23
Added Pin To Net: NetName=G15 Pin=JP1-4
Added Net: Name=G15
Added Pin To Net: NetName=G18 Pin=*1-30
Added Pin To Net: NetName=G18 Pin=JP1-7
Added Net: Name=G18
Added Pin To Net: NetName=G23 Pin=*1-37
Added Pin To Net: NetName=G23 Pin=JP1-6
Added Net: Name=G23
Added Pin To Net: NetName=G25 Pin=*1-9
Added Pin To Net: NetName=G25 Pin=JP1-5
Added Net: Name=G25
Added Pin To Net: NetName=GND Pin=*1-38
Added Pin To Net: NetName=GND Pin=JP1-2
Added Pin To Net: NetName=GND Pin=JP2-1
Added Pin To Net: NetName=GND Pin=JP3-3
Added Net: Name=GND
Added Pin To Net: NetName=V5 Pin=*1-19
Added Pin To Net: NetName=V5 Pin=JP1-1
Added Pin To Net: NetName=V5 Pin=JP1-8
Added Net: Name=V5
Added Member To Class: ClassName=Sheet2 Member=Component *1 ESP32 DEV KIT
Added Member To Class: ClassName=Sheet2 Member=Component JP1 JP 1x8 2.54
Added Member To Class: ClassName=Sheet2 Member=Component JP2 JP 1x4 2.54
Added Member To Class: ClassName=Sheet2 Member=Component JP3 JP 1x4 2.54
